# JRE version: OpenJDK Runtime Environment Temurin-21.0.2+13 (21.0.2+13) (build 21.0.2+13-LTS)
# Java VM: OpenJDK 64-Bit Server VM Temurin-21.0.2+13 (21.0.2+13-LTS, mixed mode, emulated-client, sharing, tiered, compressed oops, compressed class ptrs, g1 gc, windows-amd64)
GC Precious Log:
 CardTable entry size: 512
 Card Set container configuration: InlinePtr #cards 5 size 8 Array Of Cards #cards 12 size 40 Howl #buckets 4 coarsen threshold 1843 Howl Bitmap #cards 512 size 80 coarsen threshold 460 Card regions per heap region 1 cards per card region 2048
 CPUs: 8 total, 8 available
 Memory: 7778M
 Large Page Support: Disabled
 NUMA Support: Disabled
 Compressed Oops: Enabled (32-bit)
 Heap Region Size: 1M
 Heap Min Capacity: 8M
 Heap Initial Capacity: 122M
 Heap Max Capacity: 1946M
 Pre-touch: Disabled
 Parallel Workers: 8
 Concurrent Workers: 2
 Concurrent Refinement Workers: 8
 Periodic GC: Disabled
Heap:
 garbage-first heap   total 55296K, used 37099K [0x0000000086600000, 0x0000000100000000)
  region size 1024K, 23 young (23552K), 0 survivors (0K)
 Metaspace       used 34879K, committed 35776K, reserved 1114112K
  class space    used 4587K, committed 4928K, reserved 1048576K
GC Heap History (20 events):
Event: 1.375 GC heap before
{Heap before GC invocations=4 (full 0):
 garbage-first heap   total 37888K, used 36267K [0x0000000086600000, 0x0000000100000000)
  region size 1024K, 31 young (31744K), 3 survivors (3072K)
 Metaspace       used 18763K, committed 19072K, reserved 1114112K
  class space    used 2358K, committed 2496K, reserved 1048576K
}
Event: 1.378 GC heap after
{Heap after GC invocations=5 (full 0):
 garbage-first heap   total 41984K, used 9267K [0x0000000086600000, 0x0000000100000000)
  region size 1024K, 4 young (4096K), 4 survivors (4096K)
 Metaspace       used 18763K, committed 19072K, reserved 1114112K
  class space    used 2358K, committed 2496K, reserved 1048576K
}
Event: 1.448 GC heap before
{Heap before GC invocations=5 (full 0):
 garbage-first heap   total 41984K, used 29747K [0x0000000086600000, 0x0000000100000000)
  region size 1024K, 24 young (24576K), 4 survivors (4096K)
 Metaspace       used 20393K, committed 20736K, reserved 1114112K
  class space    used 2589K, committed 2752K, reserved 1048576K
}
Event: 1.451 GC heap after
{Heap after GC invocations=6 (full 0):
 garbage-first heap   total 41984K, used 9849K [0x0000000086600000, 0x0000000100000000)
  region size 1024K, 2 young (2048K), 2 survivors (2048K)
 Metaspace       used 20393K, committed 20736K, reserved 1114112K
  class space    used 2589K, committed 2752K, reserved 1048576K
}
Event: 1.649 GC heap before
{Heap before GC invocations=6 (full 0):
 garbage-first heap   total 41984K, used 31353K [0x0000000086600000, 0x0000000100000000)
  region size 1024K, 24 young (24576K), 2 survivors (2048K)
 Metaspace       used 21507K, committed 21888K, reserved 1114112K
  class space    used 2760K, committed 2944K, reserved 1048576K
}
Event: 1.651 GC heap after
{Heap after GC invocations=7 (full 0):
 garbage-first heap   total 51200K, used 11412K [0x0000000086600000, 0x0000000100000000)
  region size 1024K, 3 young (3072K), 3 survivors (3072K)
 Metaspace       used 21507K, committed 21888K, reserved 1114112K
  class space    used 2760K, committed 2944K, reserved 1048576K
}
Event: 1.903 GC heap before
{Heap before GC invocations=7 (full 0):
 garbage-first heap   total 51200K, used 38036K [0x0000000086600000, 0x0000000100000000)
  region size 1024K, 30 young (30720K), 3 survivors (3072K)
 Metaspace       used 23310K, committed 23680K, reserved 1114112K
  class space    used 3012K, committed 3200K, reserved 1048576K
}
Event: 1.906 GC heap after
{Heap after GC invocations=8 (full 0):
 garbage-first heap   total 51200K, used 11910K [0x0000000086600000, 0x0000000100000000)
  region size 1024K, 3 young (3072K), 3 survivors (3072K)
 Metaspace       used 23310K, committed 23680K, reserved 1114112K
  class space    used 3012K, committed 3200K, reserved 1048576K
}
Event: 2.210 GC heap before
{Heap before GC invocations=8 (full 0):
 garbage-first heap   total 51200K, used 39558K [0x0000000086600000, 0x0000000100000000)
  region size 1024K, 30 young (30720K), 3 survivors (3072K)
 Metaspace       used 26079K, committed 26624K, reserved 1114112K
  class space    used 3437K, committed 3712K, reserved 1048576K
}
Event: 2.213 GC heap after
{Heap after GC invocations=9 (full 0):
 garbage-first heap   total 51200K, used 13680K [0x0000000086600000, 0x0000000100000000)
  region size 1024K, 3 young (3072K), 3 survivors (3072K)
 Metaspace       used 26079K, committed 26624K, reserved 1114112K
  class space    used 3437K, committed 3712K, reserved 1048576K
}
Event: 2.321 GC heap before
{Heap before GC invocations=9 (full 0):
 garbage-first heap   total 51200K, used 28016K [0x0000000086600000, 0x0000000100000000)
  region size 1024K, 18 young (18432K), 3 survivors (3072K)
 Metaspace       used 27300K, committed 27776K, reserved 1114112K
  class space    used 3553K, committed 3776K, reserved 1048576K
}
Event: 2.325 GC heap after
{Heap after GC invocations=10 (full 0):
 garbage-first heap   total 51200K, used 14353K [0x0000000086600000, 0x0000000100000000)
  region size 1024K, 3 young (3072K), 3 survivors (3072K)
 Metaspace       used 27300K, committed 27776K, reserved 1114112K
  class space    used 3553K, committed 3776K, reserved 1048576K
}
Event: 2.599 GC heap before
{Heap before GC invocations=11 (full 0):
 garbage-first heap   total 51200K, used 40977K [0x0000000086600000, 0x0000000100000000)
  region size 1024K, 30 young (30720K), 3 survivors (3072K)
 Metaspace       used 29489K, committed 30080K, reserved 1114112K
  class space    used 3875K, committed 4160K, reserved 1048576K
}
Event: 2.602 GC heap after
{Heap after GC invocations=12 (full 0):
 garbage-first heap   total 61440K, used 15952K [0x0000000086600000, 0x0000000100000000)
  region size 1024K, 3 young (3072K), 3 survivors (3072K)
 Metaspace       used 29489K, committed 30080K, reserved 1114112K
  class space    used 3875K, committed 4160K, reserved 1048576K
}
Event: 6.036 GC heap before
{Heap before GC invocations=12 (full 0):
 garbage-first heap   total 61440K, used 48720K [0x0000000086600000, 0x0000000100000000)
  region size 1024K, 36 young (36864K), 3 survivors (3072K)
 Metaspace       used 32663K, committed 33280K, reserved 1114112K
  class space    used 4303K, committed 4608K, reserved 1048576K
}
Event: 6.041 GC heap after
{Heap after GC invocations=13 (full 0):
 garbage-first heap   total 61440K, used 17238K [0x0000000086600000, 0x0000000100000000)
  region size 1024K, 4 young (4096K), 4 survivors (4096K)
 Metaspace       used 32663K, committed 33280K, reserved 1114112K
  class space    used 4303K, committed 4608K, reserved 1048576K
}
Event: 284.139 GC heap before
{Heap before GC invocations=13 (full 0):
 garbage-first heap   total 61440K, used 47958K [0x0000000086600000, 0x0000000100000000)
  region size 1024K, 35 young (35840K), 4 survivors (4096K)
 Metaspace       used 35140K, committed 35776K, reserved 1114112K
  class space    used 4655K, committed 4928K, reserved 1048576K
}
Event: 284.159 GC heap after
{Heap after GC invocations=14 (full 1):
 garbage-first heap   total 61440K, used 16486K [0x0000000086600000, 0x0000000100000000)
  region size 1024K, 0 young (0K), 0 survivors (0K)
 Metaspace       used 35140K, committed 35776K, reserved 1114112K
  class space    used 4655K, committed 4928K, reserved 1048576K
}
Event: 285.995 GC heap before
{Heap before GC invocations=14 (full 1):
 garbage-first heap   total 61440K, used 46182K [0x0000000086600000, 0x0000000100000000)
  region size 1024K, 30 young (30720K), 0 survivors (0K)
 Metaspace       used 35166K, committed 35776K, reserved 1114112K
  class space    used 4661K, committed 4928K, reserved 1048576K
}
Event: 286.030 GC heap after
{Heap after GC invocations=15 (full 2):
 garbage-first heap   total 55296K, used 14571K [0x0000000086600000, 0x0000000100000000)
  region size 1024K, 0 young (0K), 0 survivors (0K)
 Metaspace       used 34841K, committed 35776K, reserved 1114112K
  class space    used 4578K, committed 4928K, reserved 1048576K
}

